<?xml version="1.0" encoding="UTF-8"?>
<testng-results ignored="0" total="1" passed="1" failed="0" skipped="0">
  <reporter-output>
  </reporter-output>
  <suite started-at="2024-10-23T12:46:28 CEST" name="login" finished-at="2024-10-23T12:46:35 CEST" duration-ms="6401">
    <groups>
    </groups>
    <test started-at="2024-10-23T12:46:28 CEST" name="Login" finished-at="2024-10-23T12:46:35 CEST" duration-ms="6401">
      <class name="demoqa.book_store.LoginTests">
        <test-method is-config="true" signature="setUp()[pri:0, instance:demoqa.book_store.LoginTests@e7edb54]" started-at="2024-10-23T12:46:28 CEST" name="setUp" finished-at="2024-10-23T12:46:32 CEST" duration-ms="3640" status="PASS">
          <reporter-output>
          </reporter-output>
        </test-method> <!-- setUp -->
        <test-method is-config="true" signature="preconditions()[pri:0, instance:demoqa.book_store.LoginTests@e7edb54]" started-at="2024-10-23T12:46:32 CEST" name="preconditions" finished-at="2024-10-23T12:46:33 CEST" duration-ms="505" status="PASS">
          <reporter-output>
          </reporter-output>
        </test-method> <!-- preconditions -->
        <test-method signature="loginPositiveTest()[pri:0, instance:demoqa.book_store.LoginTests@e7edb54]" started-at="2024-10-23T12:46:33 CEST" name="loginPositiveTest" finished-at="2024-10-23T12:46:35 CEST" duration-ms="2180" status="PASS">
          <reporter-output>
          </reporter-output>
        </test-method> <!-- loginPositiveTest -->
      </class> <!-- demoqa.book_store.LoginTests -->
    </test> <!-- Login -->
  </suite> <!-- login -->
</testng-results>
