<?xml version="1.0" encoding="UTF-8"?>
<testng-results ignored="0" total="1" passed="1" failed="0" skipped="0">
  <reporter-output>
  </reporter-output>
  <suite started-at="2024-10-24T11:19:37 CEST" name="login" finished-at="2024-10-24T11:20:25 CEST" duration-ms="48527">
    <groups>
    </groups>
    <test started-at="2024-10-24T11:19:37 CEST" name="Login" finished-at="2024-10-24T11:20:25 CEST" duration-ms="48527">
      <class name="demoqa.book_store.LoginTests">
        <test-method is-config="true" signature="setUp()[pri:0, instance:demoqa.book_store.LoginTests@693fe6c9]" started-at="2024-10-24T11:19:37 CEST" name="setUp" finished-at="2024-10-24T11:20:21 CEST" duration-ms="44769" status="PASS">
          <reporter-output>
          </reporter-output>
        </test-method> <!-- setUp -->
        <test-method is-config="true" signature="preconditions()[pri:0, instance:demoqa.book_store.LoginTests@693fe6c9]" started-at="2024-10-24T11:20:21 CEST" name="preconditions" finished-at="2024-10-24T11:20:23 CEST" duration-ms="1232" status="PASS">
          <reporter-output>
          </reporter-output>
        </test-method> <!-- preconditions -->
        <test-method signature="loginPositiveTest()[pri:0, instance:demoqa.book_store.LoginTests@693fe6c9]" started-at="2024-10-24T11:20:23 CEST" name="loginPositiveTest" finished-at="2024-10-24T11:20:25 CEST" duration-ms="2426" status="PASS">
          <reporter-output>
          </reporter-output>
        </test-method> <!-- loginPositiveTest -->
      </class> <!-- demoqa.book_store.LoginTests -->
    </test> <!-- Login -->
  </suite> <!-- login -->
</testng-results>
